<?xml version="1.0" encoding="UTF-8"?>
<!-- Generated by org.testng.reporters.JUnitXMLReporter -->
<testsuite ignored="0" hostname="DESKTOP-GC4TJ99" failures="0" tests="9" name="Test" time="0.405" errors="0" timestamp="2023-09-04T05:53:06 GMT-07:00">
  <testcase classname="AdvanceSelenium.Program_109" name="Tc_007" time="0.039"/>
  <testcase classname="AdvanceSelenium.Program_109" name="Tc_008" time="0.006"/>
  <testcase classname="AdvanceSelenium.Program_109" name="Tc_009" time="0.009"/>
  <testcase classname="AdvanceSelenium.Program_108$Program_107" name="Tc_004" time="0.01"/>
  <testcase classname="AdvanceSelenium.Program_108$Program_107" name="Tc_005" time="0.006"/>
  <testcase classname="AdvanceSelenium.Program_108$Program_107" name="Tc_006" time="0.004"/>
  <testcase classname="AdvanceSelenium.Program_107" name="Tc_001" time="0.007"/>
  <testcase classname="AdvanceSelenium.Program_107" name="Tc_002" time="0.005"/>
  <testcase classname="AdvanceSelenium.Program_107" name="Tc_003" time="0.02"/>
</testsuite> <!-- Test -->
